<?xml version="1.0" encoding="UTF-8"?>
<testsuite xmlns:xsi="http://www.w3.org/2001/XMLSchema-instance" xsi:noNamespaceSchemaLocation="https://maven.apache.org/surefire/maven-surefire-plugin/xsd/surefire-test-report.xsd" name="StepDefinitions.TestRunner" time="188.275" tests="5" errors="0" skipped="0" failures="0">
  <properties>
[...]
</properties>
  <testcase name="Formulario Text Box" classname="Modulo Elementos" time="39.988"/>
  <testcase name="Check Box" classname="Modulo Elementos" time="41.053"/>
  <testcase name="Radio Button" classname="Modulo Elementos" time="37.003"/>
  <testcase name="Web Tables" classname="Modulo Elementos" time="33.455"/>
  <testcase name="Web Tables Edicion y Borrado" classname="Modulo Elementos" time="34.511"/>
</testsuite>